  ChessEngine.cpp
C:\Users\pante\Documents\code\C++\ChessEngine\ChessEngine.cpp(164,27): warning C4566: character represented by universal-character-name '\u2659' cannot be represented in the current code page (1252)
C:\Users\pante\Documents\code\C++\ChessEngine\ChessEngine.cpp(165,27): warning C4566: character represented by universal-character-name '\u2656' cannot be represented in the current code page (1252)
C:\Users\pante\Documents\code\C++\ChessEngine\ChessEngine.cpp(166,27): warning C4566: character represented by universal-character-name '\u2658' cannot be represented in the current code page (1252)
C:\Users\pante\Documents\code\C++\ChessEngine\ChessEngine.cpp(167,27): warning C4566: character represented by universal-character-name '\u2657' cannot be represented in the current code page (1252)
C:\Users\pante\Documents\code\C++\ChessEngine\ChessEngine.cpp(168,27): warning C4566: character represented by universal-character-name '\u2655' cannot be represented in the current code page (1252)
C:\Users\pante\Documents\code\C++\ChessEngine\ChessEngine.cpp(169,27): warning C4566: character represented by universal-character-name '\u2654' cannot be represented in the current code page (1252)
C:\Users\pante\Documents\code\C++\ChessEngine\ChessEngine.cpp(171,27): warning C4566: character represented by universal-character-name '\u265F' cannot be represented in the current code page (1252)
C:\Users\pante\Documents\code\C++\ChessEngine\ChessEngine.cpp(172,27): warning C4566: character represented by universal-character-name '\u265C' cannot be represented in the current code page (1252)
C:\Users\pante\Documents\code\C++\ChessEngine\ChessEngine.cpp(173,27): warning C4566: character represented by universal-character-name '\u265E' cannot be represented in the current code page (1252)
C:\Users\pante\Documents\code\C++\ChessEngine\ChessEngine.cpp(174,27): warning C4566: character represented by universal-character-name '\u265D' cannot be represented in the current code page (1252)
C:\Users\pante\Documents\code\C++\ChessEngine\ChessEngine.cpp(175,27): warning C4566: character represented by universal-character-name '\u265B' cannot be represented in the current code page (1252)
C:\Users\pante\Documents\code\C++\ChessEngine\ChessEngine.cpp(176,27): warning C4566: character represented by universal-character-name '\u265A' cannot be represented in the current code page (1252)
C:\Users\pante\Documents\code\C++\ChessEngine\ChessEngine.cpp(440,87): warning C4554: '>>': check operator precedence for possible error; use parentheses to clarify precedence
C:\Users\pante\Documents\code\C++\ChessEngine\ChessEngine.cpp(441,87): warning C4554: '>>': check operator precedence for possible error; use parentheses to clarify precedence
C:\Users\pante\Documents\code\C++\ChessEngine\ChessEngine.cpp(459,7): warning C4554: '>>': check operator precedence for possible error; use parentheses to clarify precedence
C:\Users\pante\Documents\code\C++\ChessEngine\ChessEngine.cpp(524,7): warning C4554: '>>': check operator precedence for possible error; use parentheses to clarify precedence
C:\Users\pante\Documents\code\C++\ChessEngine\ChessEngine.cpp(631,8): warning C4554: '>>': check operator precedence for possible error; use parentheses to clarify precedence
C:\Users\pante\Documents\code\C++\ChessEngine\ChessEngine.cpp(632,8): warning C4554: '>>': check operator precedence for possible error; use parentheses to clarify precedence
C:\Users\pante\Documents\code\C++\ChessEngine\ChessEngine.cpp(633,8): warning C4554: '>>': check operator precedence for possible error; use parentheses to clarify precedence
C:\Users\pante\Documents\code\C++\ChessEngine\ChessEngine.cpp(639,8): warning C4554: '>>': check operator precedence for possible error; use parentheses to clarify precedence
C:\Users\pante\Documents\code\C++\ChessEngine\ChessEngine.cpp(640,8): warning C4554: '>>': check operator precedence for possible error; use parentheses to clarify precedence
C:\Users\pante\Documents\code\C++\ChessEngine\ChessEngine.cpp(641,8): warning C4554: '>>': check operator precedence for possible error; use parentheses to clarify precedence
C:\Users\pante\Documents\code\C++\ChessEngine\ChessEngine.cpp(758,33): warning C4554: '>>': check operator precedence for possible error; use parentheses to clarify precedence
C:\Users\pante\Documents\code\C++\ChessEngine\ChessEngine.cpp(768,33): warning C4554: '>>': check operator precedence for possible error; use parentheses to clarify precedence
C:\Users\pante\Documents\code\C++\ChessEngine\ChessEngine.cpp(769,9): warning C4554: '>>': check operator precedence for possible error; use parentheses to clarify precedence
C:\Users\pante\Documents\code\C++\ChessEngine\ChessEngine.cpp(779,56): warning C4554: '>>': check operator precedence for possible error; use parentheses to clarify precedence
C:\Users\pante\Documents\code\C++\ChessEngine\ChessEngine.cpp(788,56): warning C4554: '>>': check operator precedence for possible error; use parentheses to clarify precedence
C:\Users\pante\Documents\code\C++\ChessEngine\ChessEngine.cpp(820,33): warning C4554: '>>': check operator precedence for possible error; use parentheses to clarify precedence
C:\Users\pante\Documents\code\C++\ChessEngine\ChessEngine.cpp(848,56): warning C4554: '>>': check operator precedence for possible error; use parentheses to clarify precedence
C:\Users\pante\Documents\code\C++\ChessEngine\ChessEngine.cpp(880,56): warning C4554: '>>': check operator precedence for possible error; use parentheses to clarify precedence
C:\Users\pante\Documents\code\C++\ChessEngine\ChessEngine.cpp(919,33): warning C4554: '>>': check operator precedence for possible error; use parentheses to clarify precedence
C:\Users\pante\Documents\code\C++\ChessEngine\ChessEngine.cpp(929,33): warning C4554: '>>': check operator precedence for possible error; use parentheses to clarify precedence
C:\Users\pante\Documents\code\C++\ChessEngine\ChessEngine.cpp(930,9): warning C4554: '>>': check operator precedence for possible error; use parentheses to clarify precedence
C:\Users\pante\Documents\code\C++\ChessEngine\ChessEngine.cpp(940,56): warning C4554: '>>': check operator precedence for possible error; use parentheses to clarify precedence
C:\Users\pante\Documents\code\C++\ChessEngine\ChessEngine.cpp(949,56): warning C4554: '>>': check operator precedence for possible error; use parentheses to clarify precedence
C:\Users\pante\Documents\code\C++\ChessEngine\ChessEngine.cpp(981,33): warning C4554: '>>': check operator precedence for possible error; use parentheses to clarify precedence
C:\Users\pante\Documents\code\C++\ChessEngine\ChessEngine.cpp(1009,56): warning C4554: '>>': check operator precedence for possible error; use parentheses to clarify precedence
C:\Users\pante\Documents\code\C++\ChessEngine\ChessEngine.cpp(1038,56): warning C4554: '>>': check operator precedence for possible error; use parentheses to clarify precedence
C:\Users\pante\Documents\code\C++\ChessEngine\ChessEngine.cpp(1093,9): warning C4554: '>>': check operator precedence for possible error; use parentheses to clarify precedence
C:\Users\pante\Documents\code\C++\ChessEngine\ChessEngine.cpp(1102,14): warning C4554: '>>': check operator precedence for possible error; use parentheses to clarify precedence
C:\Users\pante\Documents\code\C++\ChessEngine\ChessEngine.cpp(1322,9): warning C4554: '>>': check operator precedence for possible error; use parentheses to clarify precedence
C:\Users\pante\Documents\code\C++\ChessEngine\ChessEngine.cpp(1331,14): warning C4554: '>>': check operator precedence for possible error; use parentheses to clarify precedence
C:\Users\pante\Documents\code\C++\ChessEngine\ChessEngine.cpp(1344,50): warning C4804: '>>': unsafe use of type 'bool' in operation
C:\Users\pante\Documents\code\C++\ChessEngine\ChessEngine.cpp(1345,8): warning C4554: '>>': check operator precedence for possible error; use parentheses to clarify precedence
C:\Users\pante\Documents\code\C++\ChessEngine\ChessEngine.cpp(1345,56): warning C4554: '>>': check operator precedence for possible error; use parentheses to clarify precedence
C:\Users\pante\Documents\code\C++\ChessEngine\ChessEngine.cpp(1361,8): warning C4554: '>>': check operator precedence for possible error; use parentheses to clarify precedence
C:\Users\pante\Documents\code\C++\ChessEngine\ChessEngine.cpp(1361,56): warning C4554: '>>': check operator precedence for possible error; use parentheses to clarify precedence
C:\Users\pante\Documents\code\C++\ChessEngine\ChessEngine.cpp(1361,104): warning C4554: '>>': check operator precedence for possible error; use parentheses to clarify precedence
C:\Users\pante\Documents\code\C++\ChessEngine\ChessEngine.cpp(1539,3): warning C4554: '>>': check operator precedence for possible error; use parentheses to clarify precedence
C:\Users\pante\Documents\code\C++\ChessEngine\ChessEngine.cpp(1539,3): warning C4554: '<<': check operator precedence for possible error; use parentheses to clarify precedence
C:\Users\pante\Documents\code\C++\ChessEngine\ChessEngine.cpp(1540,3): warning C4554: '>>': check operator precedence for possible error; use parentheses to clarify precedence
C:\Users\pante\Documents\code\C++\ChessEngine\ChessEngine.cpp(1540,3): warning C4554: '<<': check operator precedence for possible error; use parentheses to clarify precedence
C:\Users\pante\Documents\code\C++\ChessEngine\ChessEngine.cpp(1541,3): warning C4554: '>>': check operator precedence for possible error; use parentheses to clarify precedence
C:\Users\pante\Documents\code\C++\ChessEngine\ChessEngine.cpp(1541,3): warning C4554: '<<': check operator precedence for possible error; use parentheses to clarify precedence
C:\Users\pante\Documents\code\C++\ChessEngine\ChessEngine.cpp(1563,3): warning C4554: '>>': check operator precedence for possible error; use parentheses to clarify precedence
C:\Users\pante\Documents\code\C++\ChessEngine\ChessEngine.cpp(1563,3): warning C4554: '<<': check operator precedence for possible error; use parentheses to clarify precedence
C:\Users\pante\Documents\code\C++\ChessEngine\ChessEngine.cpp(1564,3): warning C4554: '>>': check operator precedence for possible error; use parentheses to clarify precedence
C:\Users\pante\Documents\code\C++\ChessEngine\ChessEngine.cpp(1564,3): warning C4554: '<<': check operator precedence for possible error; use parentheses to clarify precedence
C:\Users\pante\Documents\code\C++\ChessEngine\ChessEngine.cpp(1565,3): warning C4554: '>>': check operator precedence for possible error; use parentheses to clarify precedence
C:\Users\pante\Documents\code\C++\ChessEngine\ChessEngine.cpp(1565,3): warning C4554: '<<': check operator precedence for possible error; use parentheses to clarify precedence
C:\Users\pante\Documents\code\C++\ChessEngine\ChessEngine.cpp(1572,3): warning C4554: '<<': check operator precedence for possible error; use parentheses to clarify precedence
C:\Users\pante\Documents\code\C++\ChessEngine\ChessEngine.cpp(1573,3): warning C4554: '<<': check operator precedence for possible error; use parentheses to clarify precedence
C:\Users\pante\Documents\code\C++\ChessEngine\ChessEngine.cpp(1574,3): warning C4554: '<<': check operator precedence for possible error; use parentheses to clarify precedence
C:\Users\pante\Documents\code\C++\ChessEngine\ChessEngine.cpp(1593,3): warning C4554: '>>': check operator precedence for possible error; use parentheses to clarify precedence
C:\Users\pante\Documents\code\C++\ChessEngine\ChessEngine.cpp(1593,3): warning C4554: '<<': check operator precedence for possible error; use parentheses to clarify precedence
C:\Users\pante\Documents\code\C++\ChessEngine\ChessEngine.cpp(1594,3): warning C4554: '>>': check operator precedence for possible error; use parentheses to clarify precedence
C:\Users\pante\Documents\code\C++\ChessEngine\ChessEngine.cpp(1594,3): warning C4554: '<<': check operator precedence for possible error; use parentheses to clarify precedence
C:\Users\pante\Documents\code\C++\ChessEngine\ChessEngine.cpp(1595,3): warning C4554: '>>': check operator precedence for possible error; use parentheses to clarify precedence
C:\Users\pante\Documents\code\C++\ChessEngine\ChessEngine.cpp(1595,3): warning C4554: '<<': check operator precedence for possible error; use parentheses to clarify precedence
C:\Users\pante\Documents\code\C++\ChessEngine\ChessEngine.cpp(1602,3): warning C4554: '<<': check operator precedence for possible error; use parentheses to clarify precedence
C:\Users\pante\Documents\code\C++\ChessEngine\ChessEngine.cpp(1603,3): warning C4554: '<<': check operator precedence for possible error; use parentheses to clarify precedence
C:\Users\pante\Documents\code\C++\ChessEngine\ChessEngine.cpp(1604,3): warning C4554: '<<': check operator precedence for possible error; use parentheses to clarify precedence
C:\Users\pante\Documents\code\C++\ChessEngine\ChessEngine.cpp(1792,3): warning C4554: '>>': check operator precedence for possible error; use parentheses to clarify precedence
C:\Users\pante\Documents\code\C++\ChessEngine\ChessEngine.cpp(1792,3): warning C4554: '<<': check operator precedence for possible error; use parentheses to clarify precedence
C:\Users\pante\Documents\code\C++\ChessEngine\ChessEngine.cpp(1793,3): warning C4554: '>>': check operator precedence for possible error; use parentheses to clarify precedence
C:\Users\pante\Documents\code\C++\ChessEngine\ChessEngine.cpp(1793,3): warning C4554: '<<': check operator precedence for possible error; use parentheses to clarify precedence
C:\Users\pante\Documents\code\C++\ChessEngine\ChessEngine.cpp(1794,3): warning C4554: '>>': check operator precedence for possible error; use parentheses to clarify precedence
C:\Users\pante\Documents\code\C++\ChessEngine\ChessEngine.cpp(1794,3): warning C4554: '<<': check operator precedence for possible error; use parentheses to clarify precedence
C:\Users\pante\Documents\code\C++\ChessEngine\ChessEngine.cpp(1801,3): warning C4554: '<<': check operator precedence for possible error; use parentheses to clarify precedence
C:\Users\pante\Documents\code\C++\ChessEngine\ChessEngine.cpp(1802,3): warning C4554: '<<': check operator precedence for possible error; use parentheses to clarify precedence
C:\Users\pante\Documents\code\C++\ChessEngine\ChessEngine.cpp(1803,3): warning C4554: '<<': check operator precedence for possible error; use parentheses to clarify precedence
C:\Users\pante\Documents\code\C++\ChessEngine\ChessEngine.cpp(1822,3): warning C4554: '>>': check operator precedence for possible error; use parentheses to clarify precedence
C:\Users\pante\Documents\code\C++\ChessEngine\ChessEngine.cpp(1822,3): warning C4554: '<<': check operator precedence for possible error; use parentheses to clarify precedence
C:\Users\pante\Documents\code\C++\ChessEngine\ChessEngine.cpp(1823,3): warning C4554: '>>': check operator precedence for possible error; use parentheses to clarify precedence
C:\Users\pante\Documents\code\C++\ChessEngine\ChessEngine.cpp(1823,3): warning C4554: '<<': check operator precedence for possible error; use parentheses to clarify precedence
C:\Users\pante\Documents\code\C++\ChessEngine\ChessEngine.cpp(1824,3): warning C4554: '>>': check operator precedence for possible error; use parentheses to clarify precedence
C:\Users\pante\Documents\code\C++\ChessEngine\ChessEngine.cpp(1824,3): warning C4554: '<<': check operator precedence for possible error; use parentheses to clarify precedence
C:\Users\pante\Documents\code\C++\ChessEngine\ChessEngine.cpp(1831,3): warning C4554: '<<': check operator precedence for possible error; use parentheses to clarify precedence
C:\Users\pante\Documents\code\C++\ChessEngine\ChessEngine.cpp(1832,3): warning C4554: '<<': check operator precedence for possible error; use parentheses to clarify precedence
C:\Users\pante\Documents\code\C++\ChessEngine\ChessEngine.cpp(1833,3): warning C4554: '<<': check operator precedence for possible error; use parentheses to clarify precedence
  ChessEngine.vcxproj -> C:\Users\pante\Documents\code\C++\ChessEngine\x64\Debug\ChessEngine.exe
